<?xml version="1.0" encoding="UTF-8"?>
<!-- Generated by org.testng.reporters.JUnitXMLReporter -->
<testsuite ignored="3" hostname="DESKTOP-J5DL5AU" failures="0" tests="3" name="Default test" time="51.184" errors="0" timestamp="2024-07-03T08:47:19 IST">
  <testcase classname="basics.Assertionsss" name="launch" time="12.466"/>
  <testcase classname="basics.Assertionsss" name="launch" time="17.862"/>
  <testcase classname="basics.Assertionsss" name="launch" time="20.61"/>
  <testcase classname="basics.Assertionsss" name="mycurrenturl" time="0.0">
    <ignored/>
  </testcase> <!-- mycurrenturl -->
  <testcase classname="basics.Assertionsss" name="navigatelink" time="0.0">
    <ignored/>
  </testcase> <!-- navigatelink -->
  <testcase classname="basics.Assertionsss" name="pagetitle" time="0.0">
    <ignored/>
  </testcase> <!-- pagetitle -->
</testsuite> <!-- Default test -->
