<?xml version="1.0" encoding="UTF-8"?>
<testng-results ignored="3" total="6" passed="3" failed="0" skipped="0">
  <reporter-output>
  </reporter-output>
  <suite started-at="2024-07-03T08:46:27 IST" name="Default suite" finished-at="2024-07-03T08:47:19 IST" duration-ms="51184">
    <groups>
      <group name="regression">
        <method signature="Assertionsss.launch()[pri:1, instance:basics.Assertionsss@59505b48]" name="launch" class="basics.Assertionsss"/>
      </group> <!-- regression -->
    </groups>
    <test started-at="2024-07-03T08:46:27 IST" name="Default test" finished-at="2024-07-03T08:47:19 IST" duration-ms="51184">
      <class name="basics.Assertionsss">
        <test-method signature="launch()[pri:1, instance:basics.Assertionsss@59505b48]" started-at="2024-07-03T08:46:28 IST" name="launch" finished-at="2024-07-03T08:46:40 IST" duration-ms="12466" status="PASS">
          <reporter-output>
          </reporter-output>
        </test-method> <!-- launch -->
        <test-method signature="launch()[pri:1, instance:basics.Assertionsss@59505b48]" started-at="2024-07-03T08:46:40 IST" name="launch" finished-at="2024-07-03T08:46:58 IST" duration-ms="17862" status="PASS">
          <reporter-output>
          </reporter-output>
        </test-method> <!-- launch -->
        <test-method signature="launch()[pri:1, instance:basics.Assertionsss@59505b48]" started-at="2024-07-03T08:46:58 IST" name="launch" finished-at="2024-07-03T08:47:19 IST" duration-ms="20610" status="PASS">
          <reporter-output>
          </reporter-output>
        </test-method> <!-- launch -->
      </class> <!-- basics.Assertionsss -->
    </test> <!-- Default test -->
  </suite> <!-- Default suite -->
</testng-results>
